<?xml version="1.0" encoding="UTF-8"?>
<!-- Generated by org.testng.reporters.JUnitReportReporter -->
<testsuite hostname="DESKTOP-NKIOBMD" failures="0" tests="1" name="testRunner.Runner" time="6.012" errors="0" timestamp="2024-01-31T17:06:12 IST" skipped="0">
  <testcase classname="testRunner.Runner" name="runScenario" time="6.012"/>
</testsuite> <!-- testRunner.Runner -->
